<?xml version="1.0" encoding="UTF-8"?>
<!-- Generated by org.testng.reporters.JUnitXMLReporter -->
<testsuite ignored="0" hostname="Mez_Laptop" failures="0" tests="3" name="Test" time="27.291" errors="0" timestamp="2024-08-13T22:28:00 EDT">
  <testcase classname="tutorialsNinja.TestCases.RegisterTest" name="verifyRegisterWithAllDetails" time="1.096"/>
  <testcase classname="tutorialsNinja.TestCases.CheckoutTest" name="searchValidProduct" time="3.055"/>
  <testcase classname="tutorialsNinja.TestCases.LoginTest" name="loginWithValidCredentials" time="4.662"/>
</testsuite> <!-- Test -->
