<?xml version="1.0" encoding="UTF-8"?>
<testng-results ignored="0" total="3" passed="3" failed="0" skipped="0">
  <reporter-output>
  </reporter-output>
  <suite started-at="2024-08-13T22:27:33 EDT" name="Suite" finished-at="2024-08-13T22:28:00 EDT" duration-ms="27291">
    <groups>
    </groups>
    <test started-at="2024-08-13T22:27:33 EDT" name="Test" finished-at="2024-08-13T22:28:00 EDT" duration-ms="27291">
      <class name="tutorialsNinja.TestCases.RegisterTest">
        <test-method is-config="true" signature="registerSetUp()[pri:0, instance:tutorialsNinja.TestCases.RegisterTest@459e9125]" started-at="2024-08-13T22:27:33 EDT" name="registerSetUp" finished-at="2024-08-13T22:27:41 EDT" duration-ms="7521" status="PASS">
          <reporter-output>
          </reporter-output>
        </test-method> <!-- registerSetUp -->
        <test-method signature="verifyRegisterWithAllDetails()[pri:1, instance:tutorialsNinja.TestCases.RegisterTest@459e9125]" started-at="2024-08-13T22:27:41 EDT" name="verifyRegisterWithAllDetails" finished-at="2024-08-13T22:27:42 EDT" duration-ms="1096" status="PASS">
          <reporter-output>
          </reporter-output>
        </test-method> <!-- verifyRegisterWithAllDetails -->
        <test-method is-config="true" signature="tearDown()[pri:0, instance:tutorialsNinja.TestCases.RegisterTest@459e9125]" started-at="2024-08-13T22:27:42 EDT" name="tearDown" finished-at="2024-08-13T22:27:42 EDT" duration-ms="221" status="PASS">
          <reporter-output>
          </reporter-output>
        </test-method> <!-- tearDown -->
      </class> <!-- tutorialsNinja.TestCases.RegisterTest -->
      <class name="tutorialsNinja.TestCases.CheckoutTest">
        <test-method is-config="true" signature="checkoutSetUp()[pri:0, instance:tutorialsNinja.TestCases.CheckoutTest@7c7a06ec]" started-at="2024-08-13T22:27:42 EDT" name="checkoutSetUp" finished-at="2024-08-13T22:27:47 EDT" duration-ms="5508" status="PASS">
          <reporter-output>
          </reporter-output>
        </test-method> <!-- checkoutSetUp -->
        <test-method signature="searchValidProduct()[pri:1, instance:tutorialsNinja.TestCases.CheckoutTest@7c7a06ec]" started-at="2024-08-13T22:27:47 EDT" name="searchValidProduct" finished-at="2024-08-13T22:27:50 EDT" duration-ms="3055" status="PASS">
          <reporter-output>
          </reporter-output>
        </test-method> <!-- searchValidProduct -->
        <test-method is-config="true" signature="tearDown()[pri:0, instance:tutorialsNinja.TestCases.CheckoutTest@7c7a06ec]" started-at="2024-08-13T22:27:50 EDT" name="tearDown" finished-at="2024-08-13T22:27:51 EDT" duration-ms="242" status="PASS">
          <reporter-output>
          </reporter-output>
        </test-method> <!-- tearDown -->
      </class> <!-- tutorialsNinja.TestCases.CheckoutTest -->
      <class name="tutorialsNinja.TestCases.LoginTest">
        <test-method is-config="true" signature="loginSetUp()[pri:0, instance:tutorialsNinja.TestCases.LoginTest@75d4a5c2]" started-at="2024-08-13T22:27:51 EDT" name="loginSetUp" finished-at="2024-08-13T22:27:55 EDT" duration-ms="4697" status="PASS">
          <reporter-output>
          </reporter-output>
        </test-method> <!-- loginSetUp -->
        <test-method signature="loginWithValidCredentials()[pri:1, instance:tutorialsNinja.TestCases.LoginTest@75d4a5c2]" started-at="2024-08-13T22:27:55 EDT" name="loginWithValidCredentials" finished-at="2024-08-13T22:28:00 EDT" duration-ms="4662" status="PASS">
          <reporter-output>
          </reporter-output>
        </test-method> <!-- loginWithValidCredentials -->
        <test-method is-config="true" signature="tearDown()[pri:0, instance:tutorialsNinja.TestCases.LoginTest@75d4a5c2]" started-at="2024-08-13T22:28:00 EDT" name="tearDown" finished-at="2024-08-13T22:28:00 EDT" duration-ms="242" status="PASS">
          <reporter-output>
          </reporter-output>
        </test-method> <!-- tearDown -->
      </class> <!-- tutorialsNinja.TestCases.LoginTest -->
    </test> <!-- Test -->
  </suite> <!-- Suite -->
</testng-results>
